<?xml version="1.0" encoding="UTF-8"?>
<!-- Generated by org.testng.reporters.JUnitXMLReporter -->
<testsuite ignored="3" hostname="Glosyss-MacBook-Pro-2.local" failures="0" tests="1" name="Default test" time="168.474" errors="0" timestamp="2025-05-16T14:53:17 IST">
  <testcase classname="Program.MBA.MBAProgram" name="Meet_our_top_ranked_facultydhh" time="53.555"/>
  <testcase classname="Program.MBA.MBAProgram" name="Meet_our_top_ranked_faculty" time="0.0">
    <ignored/>
  </testcase> <!-- Meet_our_top_ranked_faculty -->
  <testcase classname="Program.MBA.MBAProgram" name="pgProgramSection" time="0.0">
    <ignored/>
  </testcase> <!-- pgProgramSection -->
  <testcase classname="Program.MBA.MBAProgram" name="Frequently_Asked_Questions" time="0.0">
    <ignored/>
  </testcase> <!-- Frequently_Asked_Questions -->
</testsuite> <!-- Default test -->
