<?xml version="1.0" encoding="UTF-8"?>
<!-- Generated by org.testng.reporters.JUnitXMLReporter -->
<testsuite ignored="28" hostname="Glosyss-MacBook-Pro-2.local" failures="0" tests="1" name="Default test" time="116.358" errors="0" timestamp="2025-05-28T12:46:52 IST">
  <testcase classname="base.HeaderBaseClass" name="@BeforeMethod LaunchBrowser" time="115.953">
    <failure type="org.openqa.selenium.WebDriverException" message="unknown error: cannot determine loading status
from target frame detached
  (Session info: chrome=136.0.7103.116)
Build info: version: &amp;apos;4.19.1&amp;apos;, revision: &amp;apos;abe0ee07dc&amp;apos;
System info: os.name: &amp;apos;Mac OS X&amp;apos;, os.arch: &amp;apos;x86_64&amp;apos;, os.version: &amp;apos;15.5&amp;apos;, java.version: &amp;apos;21.0.7&amp;apos;
Driver info: org.openqa.selenium.chrome.ChromeDriver
Command: [9852f498b5196888754e95e4bcdd7d2f, get {url=https://amityonline.com/bachelor-of-computer-applications-online}]
Capabilities {acceptInsecureCerts: false, browserName: chrome, browserVersion: 136.0.7103.116, chrome: {chromedriverVersion: 136.0.7103.113 (76fa3c17824..., userDataDir: /var/folders/g1/m4g67yjs5gx...}, fedcm:accounts: true, goog:chromeOptions: {debuggerAddress: localhost:61295}, networkConnectionEnabled: false, pageLoadStrategy: normal, platformName: mac, proxy: Proxy(), se:cdp: ws://localhost:61295/devtoo..., se:cdpVersion: 136.0.7103.116, setWindowRect: true, strictFileInteractability: false, timeouts: {implicit: 0, pageLoad: 300000, script: 30000}, unhandledPromptBehavior: dismiss and notify, webauthn:extension:credBlob: true, webauthn:extension:largeBlob: true, webauthn:extension:minPinLength: true, webauthn:extension:prf: true, webauthn:virtualAuthenticators: true}
Session ID: 9852f498b5196888754e95e4bcdd7d2f">
      <![CDATA[org.openqa.selenium.WebDriverException: unknown error: cannot determine loading status
from target frame detached
  (Session info: chrome=136.0.7103.116)
Build info: version: '4.19.1', revision: 'abe0ee07dc'
System info: os.name: 'Mac OS X', os.arch: 'x86_64', os.version: '15.5', java.version: '21.0.7'
Driver info: org.openqa.selenium.chrome.ChromeDriver
Command: [9852f498b5196888754e95e4bcdd7d2f, get {url=https://amityonline.com/bachelor-of-computer-applications-online}]
Capabilities {acceptInsecureCerts: false, browserName: chrome, browserVersion: 136.0.7103.116, chrome: {chromedriverVersion: 136.0.7103.113 (76fa3c17824..., userDataDir: /var/folders/g1/m4g67yjs5gx...}, fedcm:accounts: true, goog:chromeOptions: {debuggerAddress: localhost:61295}, networkConnectionEnabled: false, pageLoadStrategy: normal, platformName: mac, proxy: Proxy(), se:cdp: ws://localhost:61295/devtoo..., se:cdpVersion: 136.0.7103.116, setWindowRect: true, strictFileInteractability: false, timeouts: {implicit: 0, pageLoad: 300000, script: 30000}, unhandledPromptBehavior: dismiss and notify, webauthn:extension:credBlob: true, webauthn:extension:largeBlob: true, webauthn:extension:minPinLength: true, webauthn:extension:prf: true, webauthn:virtualAuthenticators: true}
Session ID: 9852f498b5196888754e95e4bcdd7d2f
at java.base/jdk.internal.reflect.DirectConstructorHandleAccessor.newInstance(DirectConstructorHandleAccessor.java:62)
at java.base/java.lang.reflect.Constructor.newInstanceWithCaller(Constructor.java:502)
at java.base/java.lang.reflect.Constructor.newInstance(Constructor.java:486)
at org.openqa.selenium.remote.ErrorCodec.decode(ErrorCodec.java:167)
at org.openqa.selenium.remote.codec.w3c.W3CHttpResponseCodec.decode(W3CHttpResponseCodec.java:138)
at org.openqa.selenium.remote.codec.w3c.W3CHttpResponseCodec.decode(W3CHttpResponseCodec.java:50)
at org.openqa.selenium.remote.HttpCommandExecutor.execute(HttpCommandExecutor.java:190)
at org.openqa.selenium.remote.service.DriverCommandExecutor.invokeExecute(DriverCommandExecutor.java:216)
at org.openqa.selenium.remote.service.DriverCommandExecutor.execute(DriverCommandExecutor.java:174)
at org.openqa.selenium.remote.RemoteWebDriver.execute(RemoteWebDriver.java:518)
at org.openqa.selenium.remote.RemoteWebDriver.get(RemoteWebDriver.java:300)
at org.openqa.selenium.remote.RemoteWebDriver$RemoteNavigation.to(RemoteWebDriver.java:1063)
at base.HeaderBaseClass.LaunchBrowser(HeaderBaseClass.java:89)
at java.base/jdk.internal.reflect.DirectMethodHandleAccessor.invoke(DirectMethodHandleAccessor.java:103)
at java.base/java.lang.reflect.Method.invoke(Method.java:580)
at org.testng.internal.invokers.MethodInvocationHelper.invokeMethod(MethodInvocationHelper.java:141)
at org.testng.internal.invokers.MethodInvocationHelper.invokeMethodConsideringTimeout(MethodInvocationHelper.java:71)
at org.testng.internal.invokers.ConfigInvoker.invokeConfigurationMethod(ConfigInvoker.java:400)
at org.testng.internal.invokers.ConfigInvoker.invokeConfigurations(ConfigInvoker.java:333)
at org.testng.internal.invokers.TestInvoker.runConfigMethods(TestInvoker.java:836)
at org.testng.internal.invokers.TestInvoker.invokeMethod(TestInvoker.java:601)
at org.testng.internal.invokers.TestInvoker.invokeTestMethod(TestInvoker.java:230)
at org.testng.internal.invokers.MethodRunner.runInSequence(MethodRunner.java:63)
at org.testng.internal.invokers.TestInvoker$MethodInvocationAgent.invoke(TestInvoker.java:995)
at org.testng.internal.invokers.TestInvoker.invokeTestMethods(TestInvoker.java:203)
at org.testng.internal.invokers.TestMethodWorker.invokeTestMethods(TestMethodWorker.java:154)
at org.testng.internal.invokers.TestMethodWorker.run(TestMethodWorker.java:134)
at java.base/java.util.ArrayList.forEach(ArrayList.java:1596)
at org.testng.TestRunner.privateRun(TestRunner.java:741)
at org.testng.TestRunner.run(TestRunner.java:616)
at org.testng.SuiteRunner.runTest(SuiteRunner.java:421)
at org.testng.SuiteRunner.runSequentially(SuiteRunner.java:413)
at org.testng.SuiteRunner.privateRun(SuiteRunner.java:373)
at org.testng.SuiteRunner.run(SuiteRunner.java:312)
at org.testng.SuiteRunnerWorker.runSuite(SuiteRunnerWorker.java:52)
at org.testng.SuiteRunnerWorker.run(SuiteRunnerWorker.java:95)
at org.testng.TestNG.runSuitesSequentially(TestNG.java:1274)
at org.testng.TestNG.runSuitesLocally(TestNG.java:1208)
at org.testng.TestNG.runSuites(TestNG.java:1112)
at org.testng.TestNG.run(TestNG.java:1079)
at org.testng.remote.AbstractRemoteTestNG.run(AbstractRemoteTestNG.java:115)
at org.testng.remote.RemoteTestNG.initAndRun(RemoteTestNG.java:293)
at org.testng.remote.RemoteTestNG.main(RemoteTestNG.java:91)
]]>
    </failure>
  </testcase> <!-- @BeforeMethod LaunchBrowser -->
  <testcase classname="Program.BBA.BBAProgram" name="@AfterMethod CloseBrowser" time="0.0">
    <skipped/>
  </testcase> <!-- @AfterMethod CloseBrowser -->
  <testcase classname="base.HeaderBaseClass" name="@AfterTest flushReport" time="0.0">
    <skipped/>
  </testcase> <!-- @AfterTest flushReport -->
  <testcase classname="Program.BBA.BBAProgram" name="Header_Section" time="0.001">
    <skipped/>
  </testcase> <!-- Header_Section -->
  <testcase classname="Program.BBA.BBAProgram" name="Apply_Now_India_International" time="0.0">
    <ignored/>
  </testcase> <!-- Apply_Now_India_International -->
  <testcase classname="Program.BBA.BBAProgram" name="journettowards" time="0.0">
    <ignored/>
  </testcase> <!-- journettowards -->
  <testcase classname="Program.BBA.BBAProgram" name="WhySayYesToAmityOnline" time="0.0">
    <ignored/>
  </testcase> <!-- WhySayYesToAmityOnline -->
  <testcase classname="Program.BBA.BBAProgram" name="HolisticCareerServices" time="0.0">
    <ignored/>
  </testcase> <!-- HolisticCareerServices -->
  <testcase classname="Program.BBA.BBAProgram" name="BlueRFI" time="0.0">
    <ignored/>
  </testcase> <!-- BlueRFI -->
  <testcase classname="Program.BBA.BBAProgram" name="pgProgramSection" time="0.0">
    <ignored/>
  </testcase> <!-- pgProgramSection -->
  <testcase classname="Program.BBA.BBAProgram" name="yelloStrip" time="0.0">
    <ignored/>
  </testcase> <!-- yelloStrip -->
  <testcase classname="Program.BBA.BBAProgram" name="sharebutton" time="0.0">
    <ignored/>
  </testcase> <!-- sharebutton -->
  <testcase classname="Program.BBA.BBAProgram" name="AdmissionProcess" time="0.0">
    <ignored/>
  </testcase> <!-- AdmissionProcess -->
  <testcase classname="Program.BBA.BBAProgram" name="EligibilityCriteria" time="0.0">
    <ignored/>
  </testcase> <!-- EligibilityCriteria -->
  <testcase classname="Program.BBA.BBAProgram" name="Podcast" time="0.0">
    <ignored/>
  </testcase> <!-- Podcast -->
  <testcase classname="Program.BBA.BBAProgram" name="FooterSection" time="0.0">
    <ignored/>
  </testcase> <!-- FooterSection -->
  <testcase classname="Program.BBA.BBAProgram" name="sticky_buttons" time="0.0">
    <ignored/>
  </testcase> <!-- sticky_buttons -->
  <testcase classname="Program.BBA.BBAProgram" name="Overview" time="0.0">
    <ignored/>
  </testcase> <!-- Overview -->
  <testcase classname="Program.BBA.BBAProgram" name="Download_Brochure_India_International" time="0.0">
    <ignored/>
  </testcase> <!-- Download_Brochure_India_International -->
  <testcase classname="Program.BBA.BBAProgram" name="employeesFrom_Leading_Organization" time="0.0">
    <ignored/>
  </testcase> <!-- employeesFrom_Leading_Organization -->
  <testcase classname="Program.BBA.BBAProgram" name="Open_form_BBA_India_International" time="0.0">
    <ignored/>
  </testcase> <!-- Open_form_BBA_India_International -->
  <testcase classname="Program.BBA.BBAProgram" name="programOverviewStructure" time="0.0">
    <ignored/>
  </testcase> <!-- programOverviewStructure -->
  <testcase classname="Program.BBA.BBAProgram" name="TestimonialStudent" time="0.0">
    <ignored/>
  </testcase> <!-- TestimonialStudent -->
  <testcase classname="Program.BBA.BBAProgram" name="ProgramHighlights" time="0.0">
    <ignored/>
  </testcase> <!-- ProgramHighlights -->
  <testcase classname="Program.BBA.BBAProgram" name="meet_our_top_ranked_faculty_Section" time="0.0">
    <ignored/>
  </testcase> <!-- meet_our_top_ranked_faculty_Section -->
  <testcase classname="Program.BBA.BBAProgram" name="resourcesSection" time="0.0">
    <ignored/>
  </testcase> <!-- resourcesSection -->
  <testcase classname="Program.BBA.BBAProgram" name="ugProgramSection" time="0.0">
    <ignored/>
  </testcase> <!-- ugProgramSection -->
  <testcase classname="Program.BBA.BBAProgram" name="Frequently_Asked_Questions" time="0.0">
    <ignored/>
  </testcase> <!-- Frequently_Asked_Questions -->
  <testcase classname="Program.BBA.BBAProgram" name="feeStructure" time="0.0">
    <ignored/>
  </testcase> <!-- feeStructure -->
  <testcase classname="Program.BBA.BBAProgram" name="AnnouncementSection" time="0.0">
    <ignored/>
  </testcase> <!-- AnnouncementSection -->
  <testcase classname="Program.BBA.BBAProgram" name="Potential_Job_roles" time="0.0">
    <ignored/>
  </testcase> <!-- Potential_Job_roles -->
  <testcase classname="Program.BBA.BBAProgram" name="next_step_in_your_career" time="0.0">
    <ignored/>
  </testcase> <!-- next_step_in_your_career -->
</testsuite> <!-- Default test -->
