<?xml version="1.0" encoding="UTF-8"?>
<testng-results ignored="3" total="4" passed="1" failed="0" skipped="0">
  <reporter-output>
  </reporter-output>
  <suite started-at="2025-05-16T14:50:24 IST" name="Default suite" finished-at="2025-05-16T14:53:12 IST" duration-ms="168474">
    <groups>
    </groups>
    <test started-at="2025-05-16T14:50:24 IST" name="Default test" finished-at="2025-05-16T14:53:12 IST" duration-ms="168474">
      <class name="Program.MBA.MBAProgram">
        <test-method is-config="true" signature="setupReport()[pri:0, instance:Program.MBA.MBAProgram@3e96bacf]" started-at="2025-05-16T14:50:24 IST" name="setupReport" finished-at="2025-05-16T14:50:24 IST" duration-ms="306" status="PASS">
          <reporter-output>
          </reporter-output>
        </test-method> <!-- setupReport -->
        <test-method is-config="true" signature="LaunchBrowser()[pri:0, instance:Program.MBA.MBAProgram@3e96bacf]" started-at="2025-05-16T14:50:24 IST" name="LaunchBrowser" finished-at="2025-05-16T14:52:18 IST" duration-ms="113385" status="PASS">
          <reporter-output>
          </reporter-output>
        </test-method> <!-- LaunchBrowser -->
        <test-method signature="Meet_our_top_ranked_facultydhh()[pri:0, instance:Program.MBA.MBAProgram@3e96bacf]" started-at="2025-05-16T14:52:18 IST" name="Meet_our_top_ranked_facultydhh" finished-at="2025-05-16T14:53:11 IST" duration-ms="53555" status="PASS">
          <reporter-output>
          </reporter-output>
        </test-method> <!-- Meet_our_top_ranked_facultydhh -->
        <test-method is-config="true" signature="CloseBrowser(org.testng.ITestResult)[pri:0, instance:Program.MBA.MBAProgram@3e96bacf]" started-at="2025-05-16T14:53:11 IST" name="CloseBrowser" finished-at="2025-05-16T14:53:12 IST" duration-ms="708" status="PASS">
          <params>
            <param index="0">
              <value>
                <![CDATA[[TestResult name=Meet_our_top_ranked_facultydhh status=SUCCESS method=MBAProgram.Meet_our_top_ranked_facultydhh()[pri:0, instance:Program.MBA.MBAProgram@3e96bacf] output={null}]]]>
              </value>
            </param>
          </params>
          <reporter-output>
          </reporter-output>
        </test-method> <!-- CloseBrowser -->
        <test-method is-config="true" signature="flushReport()[pri:0, instance:Program.MBA.MBAProgram@3e96bacf]" started-at="2025-05-16T14:53:12 IST" name="flushReport" finished-at="2025-05-16T14:53:12 IST" duration-ms="449" status="PASS">
          <reporter-output>
          </reporter-output>
        </test-method> <!-- flushReport -->
      </class> <!-- Program.MBA.MBAProgram -->
    </test> <!-- Default test -->
  </suite> <!-- Default suite -->
</testng-results>
